<component name="libraryTable">
  <library name="junit-4.13_9a820a19">
    <CLASSES>
      <root url="jar:///private/var/tmp/_bazel_summerji/b69ad3c1807c89ad4aad5ef1d1299bdc/external/junit_junit/junit-4.13.jar!/" />
    </CLASSES>
    <JAVADOC />
    <SOURCES />
  </library>
</component>